<testsuite errors="0" failures="0" name="Django Project Tests" skips="0" tests="8" time="4.759"><testcase classname="api.account.tests.TestAPIUser" name="test_user_create_profile" time="0.252774" /><testcase classname="api.post.tests.TestAPIPost" name="test_user_viewing_detail_post" time="0.641890" /><testcase classname="api.post.tests.TestAPIPost" name="test_user_viewing_post" time="0.605522" /><testcase classname="api.post.tests.TestAPIPost" name="test_when_user_create_post" time="0.632093" /><testcase classname="api.post.tests.TestAPIPost" name="test_when_user_want_liked_post" time="0.657618" /><testcase classname="api.post.tests.TestAPIPost" name="test_when_user_want_see_who_liked_post" time="0.635914" /><testcase classname="api.post.tests.TestAPIPost" name="test_when_user_want_unlike_post" time="0.639889" /><testcase classname="api.post.tests.TestAPIPost" name="test_when_user_want_update_post_info" time="0.669969" /></testsuite>