<testsuite errors="1" failures="0" name="Django Project Tests" skips="0" tests="2" time="0.041"><testcase classname="api.account.tests.TestAPIUser" name="test_user_create_profile" time="0.000455"><error message="test_user_create_profile() missing 1 required positional argument: 'self'" type="builtins.TypeError">TypeError: test_user_create_profile() missing 1 required positional argument: 'self'
</error></testcase><testcase classname="api.post.tests.TestAPIPost" name="test_when_user_create_post" time="0.011168" /></testsuite>